0 info it worked if it ends with ok
1 verbose cli [ '/usr/local/Cellar/node/6.1.0/bin/node',
1 verbose cli   '/usr/local/bin/npm',
1 verbose cli   'install',
1 verbose cli   'uwp',
1 verbose cli   '--save' ]
2 info using npm@3.8.6
3 info using node@v6.1.0
4 silly loadCurrentTree Starting
5 silly install loadCurrentTree
6 silly install readLocalPackageData
7 silly fetchPackageMetaData uwp
8 silly fetchNamedPackageData uwp
9 silly mapToRegistry name uwp
10 silly mapToRegistry using default registry
11 silly mapToRegistry registry https://registry.npmjs.org/
12 silly mapToRegistry data Result {
12 silly mapToRegistry   raw: 'uwp',
12 silly mapToRegistry   scope: null,
12 silly mapToRegistry   name: 'uwp',
12 silly mapToRegistry   rawSpec: '',
12 silly mapToRegistry   spec: 'latest',
12 silly mapToRegistry   type: 'tag' }
13 silly mapToRegistry uri https://registry.npmjs.org/uwp
14 verbose request uri https://registry.npmjs.org/uwp
15 verbose request no auth needed
16 info attempt registry request try #1 at 2:04:01 PM
17 verbose request id fa290ebb4f2ae63f
18 verbose etag "1L8LYGFI3PA8Y23XIVR61Z2VX"
19 http request GET https://registry.npmjs.org/uwp
20 http 304 https://registry.npmjs.org/uwp
21 verbose headers { date: 'Thu, 16 Jun 2016 11:04:03 GMT',
21 verbose headers   via: '1.1 varnish',
21 verbose headers   'cache-control': 'max-age=300',
21 verbose headers   etag: '"1L8LYGFI3PA8Y23XIVR61Z2VX"',
21 verbose headers   age: '221',
21 verbose headers   connection: 'keep-alive',
21 verbose headers   'x-served-by': 'cache-fra1228-FRA',
21 verbose headers   'x-cache': 'HIT',
21 verbose headers   'x-cache-hits': '1',
21 verbose headers   'x-timer': 'S1466075043.623395,VS0,VE0',
21 verbose headers   vary: 'Accept-Encoding' }
22 silly get cb [ 304,
22 silly get   { date: 'Thu, 16 Jun 2016 11:04:03 GMT',
22 silly get     via: '1.1 varnish',
22 silly get     'cache-control': 'max-age=300',
22 silly get     etag: '"1L8LYGFI3PA8Y23XIVR61Z2VX"',
22 silly get     age: '221',
22 silly get     connection: 'keep-alive',
22 silly get     'x-served-by': 'cache-fra1228-FRA',
22 silly get     'x-cache': 'HIT',
22 silly get     'x-cache-hits': '1',
22 silly get     'x-timer': 'S1466075043.623395,VS0,VE0',
22 silly get     vary: 'Accept-Encoding' } ]
23 verbose etag https://registry.npmjs.org/uwp from cache
24 verbose get saving uwp to /Users/timofeiborovkov/.npm/registry.npmjs.org/uwp/.cache.json
25 verbose correctMkdir /Users/timofeiborovkov/.npm correctMkdir not in flight; initializing
26 silly install normalizeTree
27 silly loadCurrentTree Finishing
28 silly loadIdealTree Starting
29 silly install loadIdealTree
30 silly cloneCurrentTree Starting
31 silly install cloneCurrentTreeToIdealTree
32 silly cloneCurrentTree Finishing
33 silly loadShrinkwrap Starting
34 silly install loadShrinkwrap
35 silly loadShrinkwrap Finishing
36 silly loadAllDepsIntoIdealTree Starting
37 silly install loadAllDepsIntoIdealTree
38 silly resolveWithNewModule uwp@1.0.1 checking installable status
39 silly cache add args [ 'uwp', null ]
40 verbose cache add spec uwp
41 silly cache add parsed spec Result {
41 silly cache add   raw: 'uwp',
41 silly cache add   scope: null,
41 silly cache add   name: 'uwp',
41 silly cache add   rawSpec: '',
41 silly cache add   spec: 'latest',
41 silly cache add   type: 'tag' }
42 silly addNamed uwp@latest
43 verbose addNamed "latest" is being treated as a dist-tag for uwp
44 info addNameTag [ 'uwp', 'latest' ]
45 silly mapToRegistry name uwp
46 silly mapToRegistry using default registry
47 silly mapToRegistry registry https://registry.npmjs.org/
48 silly mapToRegistry data Result {
48 silly mapToRegistry   raw: 'uwp',
48 silly mapToRegistry   scope: null,
48 silly mapToRegistry   name: 'uwp',
48 silly mapToRegistry   rawSpec: '',
48 silly mapToRegistry   spec: 'latest',
48 silly mapToRegistry   type: 'tag' }
49 silly mapToRegistry uri https://registry.npmjs.org/uwp
50 verbose addNameTag registry:https://registry.npmjs.org/uwp not in flight; fetching
51 verbose get https://registry.npmjs.org/uwp not expired, no request
52 silly addNameTag next cb for uwp with tag latest
53 silly addNamed uwp@1.0.1
54 verbose addNamed "1.0.1" is a plain semver version for uwp
55 silly cache afterAdd uwp@1.0.1
56 verbose afterAdd /Users/timofeiborovkov/.npm/uwp/1.0.1/package/package.json not in flight; writing
57 verbose correctMkdir /Users/timofeiborovkov/.npm correctMkdir not in flight; initializing
58 verbose afterAdd /Users/timofeiborovkov/.npm/uwp/1.0.1/package/package.json written
59 silly fetchNamedPackageData nan
60 silly mapToRegistry name nan
61 silly mapToRegistry using default registry
62 silly mapToRegistry registry https://registry.npmjs.org/
63 silly mapToRegistry data Result {
63 silly mapToRegistry   raw: 'nan',
63 silly mapToRegistry   scope: null,
63 silly mapToRegistry   name: 'nan',
63 silly mapToRegistry   rawSpec: '',
63 silly mapToRegistry   spec: 'latest',
63 silly mapToRegistry   type: 'tag' }
64 silly mapToRegistry uri https://registry.npmjs.org/nan
65 verbose request uri https://registry.npmjs.org/nan
66 verbose request no auth needed
67 info attempt registry request try #1 at 2:04:03 PM
68 verbose etag "12RFHNMU7CS3WJ1892HQLM0NB"
69 http request GET https://registry.npmjs.org/nan
70 http 304 https://registry.npmjs.org/nan
71 verbose headers { date: 'Thu, 16 Jun 2016 11:04:03 GMT',
71 verbose headers   via: '1.1 varnish',
71 verbose headers   'cache-control': 'max-age=300',
71 verbose headers   etag: '"12RFHNMU7CS3WJ1892HQLM0NB"',
71 verbose headers   age: '142',
71 verbose headers   connection: 'keep-alive',
71 verbose headers   'x-served-by': 'cache-fra1228-FRA',
71 verbose headers   'x-cache': 'HIT',
71 verbose headers   'x-cache-hits': '8',
71 verbose headers   'x-timer': 'S1466075043.949820,VS0,VE0',
71 verbose headers   vary: 'Accept-Encoding' }
72 silly get cb [ 304,
72 silly get   { date: 'Thu, 16 Jun 2016 11:04:03 GMT',
72 silly get     via: '1.1 varnish',
72 silly get     'cache-control': 'max-age=300',
72 silly get     etag: '"12RFHNMU7CS3WJ1892HQLM0NB"',
72 silly get     age: '142',
72 silly get     connection: 'keep-alive',
72 silly get     'x-served-by': 'cache-fra1228-FRA',
72 silly get     'x-cache': 'HIT',
72 silly get     'x-cache-hits': '8',
72 silly get     'x-timer': 'S1466075043.949820,VS0,VE0',
72 silly get     vary: 'Accept-Encoding' } ]
73 verbose etag https://registry.npmjs.org/nan from cache
74 verbose get saving nan to /Users/timofeiborovkov/.npm/registry.npmjs.org/nan/.cache.json
75 verbose correctMkdir /Users/timofeiborovkov/.npm correctMkdir not in flight; initializing
76 silly resolveWithNewModule nan@2.3.5 checking installable status
77 silly cache add args [ 'nan@^2.1.0', null ]
78 verbose cache add spec nan@^2.1.0
79 silly cache add parsed spec Result {
79 silly cache add   raw: 'nan@^2.1.0',
79 silly cache add   scope: null,
79 silly cache add   name: 'nan',
79 silly cache add   rawSpec: '^2.1.0',
79 silly cache add   spec: '>=2.1.0 <3.0.0',
79 silly cache add   type: 'range' }
80 silly addNamed nan@>=2.1.0 <3.0.0
81 verbose addNamed ">=2.1.0 <3.0.0" is a valid semver range for nan
82 silly addNameRange { name: 'nan', range: '>=2.1.0 <3.0.0', hasData: false }
83 silly mapToRegistry name nan
84 silly mapToRegistry using default registry
85 silly mapToRegistry registry https://registry.npmjs.org/
86 silly mapToRegistry data Result {
86 silly mapToRegistry   raw: 'nan',
86 silly mapToRegistry   scope: null,
86 silly mapToRegistry   name: 'nan',
86 silly mapToRegistry   rawSpec: '',
86 silly mapToRegistry   spec: 'latest',
86 silly mapToRegistry   type: 'tag' }
87 silly mapToRegistry uri https://registry.npmjs.org/nan
88 verbose addNameRange registry:https://registry.npmjs.org/nan not in flight; fetching
89 verbose get https://registry.npmjs.org/nan not expired, no request
90 silly addNameRange number 2 { name: 'nan', range: '>=2.1.0 <3.0.0', hasData: true }
91 silly addNameRange versions [ 'nan',
91 silly addNameRange   [ '0.3.0-wip',
91 silly addNameRange     '0.3.0-wip2',
91 silly addNameRange     '0.3.0',
91 silly addNameRange     '0.3.1',
91 silly addNameRange     '0.3.2',
91 silly addNameRange     '0.4.0',
91 silly addNameRange     '0.4.1',
91 silly addNameRange     '0.4.2',
91 silly addNameRange     '0.4.3',
91 silly addNameRange     '0.4.4',
91 silly addNameRange     '0.5.0',
91 silly addNameRange     '0.5.1',
91 silly addNameRange     '0.5.2',
91 silly addNameRange     '0.6.0',
91 silly addNameRange     '0.7.0',
91 silly addNameRange     '0.7.1',
91 silly addNameRange     '0.8.0',
91 silly addNameRange     '1.0.0',
91 silly addNameRange     '1.1.0',
91 silly addNameRange     '1.1.1',
91 silly addNameRange     '1.1.2',
91 silly addNameRange     '1.2.0',
91 silly addNameRange     '1.3.0',
91 silly addNameRange     '1.4.0',
91 silly addNameRange     '1.4.1',
91 silly addNameRange     '1.5.0',
91 silly addNameRange     '1.4.2',
91 silly addNameRange     '1.4.3',
91 silly addNameRange     '1.5.1',
91 silly addNameRange     '1.5.2',
91 silly addNameRange     '1.6.0',
91 silly addNameRange     '1.5.3',
91 silly addNameRange     '1.6.1',
91 silly addNameRange     '1.6.2',
91 silly addNameRange     '1.7.0',
91 silly addNameRange     '1.8.0',
91 silly addNameRange     '1.8.1',
91 silly addNameRange     '1.8.2',
91 silly addNameRange     '1.8.3',
91 silly addNameRange     '1.8.4',
91 silly addNameRange     '1.9.0',
91 silly addNameRange     '2.0.0',
91 silly addNameRange     '2.0.1',
91 silly addNameRange     '2.0.2',
91 silly addNameRange     '2.0.3',
91 silly addNameRange     '2.0.4',
91 silly addNameRange     '2.0.5',
91 silly addNameRange     '2.0.6',
91 silly addNameRange     '2.0.7',
91 silly addNameRange     '2.0.8',
91 silly addNameRange     '2.0.9',
91 silly addNameRange     '2.1.0',
91 silly addNameRange     '2.2.0',
91 silly addNameRange     '2.2.1',
91 silly addNameRange     '2.3.0',
91 silly addNameRange     '2.3.1',
91 silly addNameRange     '2.3.2',
91 silly addNameRange     '2.3.3',
91 silly addNameRange     '2.3.4',
91 silly addNameRange     '2.3.5' ] ]
92 silly addNamed nan@2.3.5
93 verbose addNamed "2.3.5" is a plain semver version for nan
94 silly cache afterAdd nan@2.3.5
95 verbose afterAdd /Users/timofeiborovkov/.npm/nan/2.3.5/package/package.json not in flight; writing
96 verbose correctMkdir /Users/timofeiborovkov/.npm correctMkdir not in flight; initializing
97 verbose afterAdd /Users/timofeiborovkov/.npm/nan/2.3.5/package/package.json written
98 silly loadAllDepsIntoIdealTree Finishing
99 silly idealTree:prePrune hub@1.0.0
99 silly idealTree:prePrune ├── nan@2.3.5
99 silly idealTree:prePrune └── uwp@1.0.1
100 silly loadIdealTree Finishing
101 silly currentTree hub@1.0.0
102 silly idealTree hub@1.0.0
102 silly idealTree ├── nan@2.3.5
102 silly idealTree └── uwp@1.0.1
103 silly generateActionsToTake Starting
104 silly install generateActionsToTake
105 silly generateActionsToTake Finishing
106 silly diffTrees action count 2
107 silly diffTrees add nan@2.3.5
108 silly diffTrees add uwp@1.0.1
109 silly decomposeActions action count 16
110 silly decomposeActions fetch nan@2.3.5
111 silly decomposeActions extract nan@2.3.5
112 silly decomposeActions test nan@2.3.5
113 silly decomposeActions preinstall nan@2.3.5
114 silly decomposeActions build nan@2.3.5
115 silly decomposeActions install nan@2.3.5
116 silly decomposeActions postinstall nan@2.3.5
117 silly decomposeActions finalize nan@2.3.5
118 silly decomposeActions fetch uwp@1.0.1
119 silly decomposeActions extract uwp@1.0.1
120 silly decomposeActions test uwp@1.0.1
121 silly decomposeActions preinstall uwp@1.0.1
122 silly decomposeActions build uwp@1.0.1
123 silly decomposeActions install uwp@1.0.1
124 silly decomposeActions postinstall uwp@1.0.1
125 silly decomposeActions finalize uwp@1.0.1
126 silly executeActions Starting
127 silly install executeActions
128 silly doSerial global-install 0
129 silly doParallel fetch 2
130 verbose correctMkdir /Users/timofeiborovkov/.npm/_locks correctMkdir not in flight; initializing
131 verbose lock using /Users/timofeiborovkov/.npm/_locks/staging-d25e3d67bf84e835.lock for /Users/timofeiborovkov/Desktop/Anspirit/hub/node_modules/.staging
132 silly doParallel extract 2
133 silly extract nan@2.3.5
134 silly extract uwp@1.0.1
135 verbose unbuild node_modules/.staging/nan-8f2d5249
136 verbose unbuild node_modules/.staging/uwp-b5b6de67
137 silly gentlyRm /Users/timofeiborovkov/Desktop/Anspirit/hub/node_modules/.staging/nan-8f2d5249 is being purged from base /Users/timofeiborovkov/Desktop/Anspirit/hub
138 verbose gentlyRm don't care about contents; nuking /Users/timofeiborovkov/Desktop/Anspirit/hub/node_modules/.staging/nan-8f2d5249
139 silly gentlyRm /Users/timofeiborovkov/Desktop/Anspirit/hub/node_modules/.staging/uwp-b5b6de67 is being purged from base /Users/timofeiborovkov/Desktop/Anspirit/hub
140 verbose gentlyRm don't care about contents; nuking /Users/timofeiborovkov/Desktop/Anspirit/hub/node_modules/.staging/uwp-b5b6de67
141 verbose tar unpack /Users/timofeiborovkov/.npm/nan/2.3.5/package.tgz
142 verbose tar unpacking to /Users/timofeiborovkov/Desktop/Anspirit/hub/node_modules/.staging/nan-8f2d5249
143 silly gentlyRm /Users/timofeiborovkov/Desktop/Anspirit/hub/node_modules/.staging/nan-8f2d5249 is being purged
144 verbose gentlyRm don't care about contents; nuking /Users/timofeiborovkov/Desktop/Anspirit/hub/node_modules/.staging/nan-8f2d5249
145 verbose tar unpack /Users/timofeiborovkov/.npm/uwp/1.0.1/package.tgz
146 verbose tar unpacking to /Users/timofeiborovkov/Desktop/Anspirit/hub/node_modules/.staging/uwp-b5b6de67
147 silly gentlyRm /Users/timofeiborovkov/Desktop/Anspirit/hub/node_modules/.staging/uwp-b5b6de67 is being purged
148 verbose gentlyRm don't care about contents; nuking /Users/timofeiborovkov/Desktop/Anspirit/hub/node_modules/.staging/uwp-b5b6de67
149 silly gunzTarPerm modes [ '755', '644' ]
150 silly gunzTarPerm modes [ '755', '644' ]
151 silly gunzTarPerm extractEntry package.json
152 silly gunzTarPerm modified mode [ 'package.json', 436, 420 ]
153 silly gunzTarPerm extractEntry package.json
154 silly gunzTarPerm modified mode [ 'package.json', 438, 420 ]
155 silly gunzTarPerm extractEntry README.md
156 silly gunzTarPerm modified mode [ 'README.md', 436, 420 ]
157 silly gunzTarPerm extractEntry include_dirs.js
158 silly gunzTarPerm modified mode [ 'include_dirs.js', 436, 420 ]
159 silly gunzTarPerm extractEntry .npmignore
160 silly gunzTarPerm modified mode [ '.npmignore', 438, 420 ]
161 silly gunzTarPerm extractEntry README.md
162 silly gunzTarPerm modified mode [ 'README.md', 438, 420 ]
163 silly gunzTarPerm extractEntry LICENSE
164 silly gunzTarPerm modified mode [ 'LICENSE', 438, 420 ]
165 silly gunzTarPerm extractEntry index.js
166 silly gunzTarPerm modified mode [ 'index.js', 438, 420 ]
167 silly gunzTarPerm extractEntry nan_converters.h
168 silly gunzTarPerm modified mode [ 'nan_converters.h', 436, 420 ]
169 silly gunzTarPerm extractEntry LICENSE.md
170 silly gunzTarPerm modified mode [ 'LICENSE.md', 436, 420 ]
171 silly gunzTarPerm extractEntry doc/node_misc.md
172 silly gunzTarPerm modified mode [ 'doc/node_misc.md', 436, 420 ]
173 silly gunzTarPerm extractEntry doc/asyncworker.md
174 silly gunzTarPerm modified mode [ 'doc/asyncworker.md', 436, 420 ]
175 silly gunzTarPerm extractEntry binding.gyp
176 silly gunzTarPerm modified mode [ 'binding.gyp', 438, 420 ]
177 silly gunzTarPerm extractEntry src/node-async.h
178 silly gunzTarPerm modified mode [ 'src/node-async.h', 438, 420 ]
179 silly gunzTarPerm extractEntry doc/callback.md
180 silly gunzTarPerm modified mode [ 'doc/callback.md', 436, 420 ]
181 silly gunzTarPerm extractEntry doc/converters.md
182 silly gunzTarPerm modified mode [ 'doc/converters.md', 436, 420 ]
183 silly gunzTarPerm extractEntry src/uwp.cc
184 silly gunzTarPerm modified mode [ 'src/uwp.cc', 438, 420 ]
185 silly gunzTarPerm extractEntry src/uwp.h
186 silly gunzTarPerm modified mode [ 'src/uwp.h', 438, 420 ]
187 silly gunzTarPerm extractEntry test/index.js
188 silly gunzTarPerm modified mode [ 'test/index.js', 438, 420 ]
189 silly gunzTarPerm extractEntry doc/errors.md
190 silly gunzTarPerm modified mode [ 'doc/errors.md', 436, 420 ]
191 silly gunzTarPerm extractEntry doc/maybe_types.md
192 silly gunzTarPerm modified mode [ 'doc/maybe_types.md', 436, 420 ]
193 silly gunzTarPerm extractEntry doc/methods.md
194 silly gunzTarPerm modified mode [ 'doc/methods.md', 436, 420 ]
195 silly gunzTarPerm extractEntry doc/new.md
196 silly gunzTarPerm modified mode [ 'doc/new.md', 436, 420 ]
197 silly gunzTarPerm extractEntry doc/buffers.md
198 silly gunzTarPerm modified mode [ 'doc/buffers.md', 436, 420 ]
199 silly gunzTarPerm extractEntry doc/object_wrappers.md
200 silly gunzTarPerm modified mode [ 'doc/object_wrappers.md', 436, 420 ]
201 silly gunzTarPerm extractEntry doc/persistent.md
202 silly gunzTarPerm modified mode [ 'doc/persistent.md', 436, 420 ]
203 silly gunzTarPerm extractEntry doc/scopes.md
204 silly gunzTarPerm modified mode [ 'doc/scopes.md', 436, 420 ]
205 silly gunzTarPerm extractEntry doc/script.md
206 silly gunzTarPerm modified mode [ 'doc/script.md', 436, 420 ]
207 silly gunzTarPerm extractEntry doc/string_bytes.md
208 silly gunzTarPerm modified mode [ 'doc/string_bytes.md', 436, 420 ]
209 silly gunzTarPerm extractEntry doc/v8_internals.md
210 silly gunzTarPerm modified mode [ 'doc/v8_internals.md', 436, 420 ]
211 silly gunzTarPerm extractEntry doc/v8_misc.md
212 silly gunzTarPerm modified mode [ 'doc/v8_misc.md', 436, 420 ]
213 silly gunzTarPerm extractEntry nan.h
214 silly gunzTarPerm modified mode [ 'nan.h', 436, 420 ]
215 silly gunzTarPerm extractEntry nan_callbacks.h
216 silly gunzTarPerm modified mode [ 'nan_callbacks.h', 436, 420 ]
217 silly gunzTarPerm extractEntry nan_callbacks_12_inl.h
218 silly gunzTarPerm modified mode [ 'nan_callbacks_12_inl.h', 436, 420 ]
219 silly gunzTarPerm extractEntry nan_callbacks_pre_12_inl.h
220 silly gunzTarPerm modified mode [ 'nan_callbacks_pre_12_inl.h', 436, 420 ]
221 silly gunzTarPerm extractEntry nan_converters_43_inl.h
222 silly gunzTarPerm modified mode [ 'nan_converters_43_inl.h', 436, 420 ]
223 silly gentlyRm /Users/timofeiborovkov/Desktop/Anspirit/hub/node_modules/.staging/uwp-b5b6de67/node_modules is being purged
224 verbose gentlyRm don't care about contents; nuking /Users/timofeiborovkov/Desktop/Anspirit/hub/node_modules/.staging/uwp-b5b6de67/node_modules
225 silly gunzTarPerm extractEntry nan_converters_pre_43_inl.h
226 silly gunzTarPerm modified mode [ 'nan_converters_pre_43_inl.h', 436, 420 ]
227 silly gunzTarPerm extractEntry nan_implementation_12_inl.h
228 silly gunzTarPerm modified mode [ 'nan_implementation_12_inl.h', 436, 420 ]
229 silly gunzTarPerm extractEntry nan_implementation_pre_12_inl.h
230 silly gunzTarPerm modified mode [ 'nan_implementation_pre_12_inl.h', 436, 420 ]
231 silly gunzTarPerm extractEntry nan_maybe_43_inl.h
232 silly gunzTarPerm modified mode [ 'nan_maybe_43_inl.h', 436, 420 ]
233 silly gunzTarPerm extractEntry nan_maybe_pre_43_inl.h
234 silly gunzTarPerm modified mode [ 'nan_maybe_pre_43_inl.h', 436, 420 ]
235 silly gunzTarPerm extractEntry nan_new.h
236 silly gunzTarPerm modified mode [ 'nan_new.h', 436, 420 ]
237 silly gunzTarPerm extractEntry nan_object_wrap.h
238 silly gunzTarPerm modified mode [ 'nan_object_wrap.h', 436, 420 ]
239 silly gunzTarPerm extractEntry nan_persistent_12_inl.h
240 silly gunzTarPerm modified mode [ 'nan_persistent_12_inl.h', 436, 420 ]
241 silly gunzTarPerm extractEntry nan_persistent_pre_12_inl.h
242 silly gunzTarPerm modified mode [ 'nan_persistent_pre_12_inl.h', 436, 420 ]
243 silly gunzTarPerm extractEntry nan_string_bytes.h
244 silly gunzTarPerm modified mode [ 'nan_string_bytes.h', 436, 420 ]
245 silly gunzTarPerm extractEntry nan_typedarray_contents.h
246 silly gunzTarPerm modified mode [ 'nan_typedarray_contents.h', 436, 420 ]
247 silly gunzTarPerm extractEntry nan_weak.h
248 silly gunzTarPerm modified mode [ 'nan_weak.h', 436, 420 ]
249 silly gunzTarPerm extractEntry CHANGELOG.md
250 silly gunzTarPerm modified mode [ 'CHANGELOG.md', 436, 420 ]
251 silly gunzTarPerm extractEntry tools/package.json
252 silly gunzTarPerm modified mode [ 'tools/package.json', 436, 420 ]
253 silly gunzTarPerm extractEntry tools/README.md
254 silly gunzTarPerm modified mode [ 'tools/README.md', 436, 420 ]
255 silly gunzTarPerm extractEntry tools/1to2.js
256 silly gunzTarPerm modified mode [ 'tools/1to2.js', 509, 493 ]
257 silly gentlyRm /Users/timofeiborovkov/Desktop/Anspirit/hub/node_modules/.staging/nan-8f2d5249/node_modules is being purged
258 verbose gentlyRm don't care about contents; nuking /Users/timofeiborovkov/Desktop/Anspirit/hub/node_modules/.staging/nan-8f2d5249/node_modules
259 silly doParallel preinstall 2
260 silly preinstall nan@2.3.5 /Users/timofeiborovkov/Desktop/Anspirit/hub/node_modules/.staging/nan-8f2d5249
261 info lifecycle nan@2.3.5~preinstall: nan@2.3.5
262 silly preinstall uwp@1.0.1 /Users/timofeiborovkov/Desktop/Anspirit/hub/node_modules/.staging/uwp-b5b6de67
263 info lifecycle uwp@1.0.1~preinstall: uwp@1.0.1
264 silly lifecycle nan@2.3.5~preinstall: no script for preinstall, continuing
265 silly lifecycle uwp@1.0.1~preinstall: no script for preinstall, continuing
266 silly doReverseSerial remove 0
267 silly doSerial move 0
268 silly doSerial finalize 2
269 silly finalize /Users/timofeiborovkov/Desktop/Anspirit/hub/node_modules/nan
270 silly finalize /Users/timofeiborovkov/Desktop/Anspirit/hub/node_modules/uwp
271 silly doSerial build 2
272 silly build nan@2.3.5
273 info linkStuff nan@2.3.5
274 silly linkStuff nan@2.3.5 has /Users/timofeiborovkov/Desktop/Anspirit/hub/node_modules as its parent node_modules
275 verbose linkBins nan@2.3.5
276 verbose linkMans nan@2.3.5
277 silly build uwp@1.0.1
278 info linkStuff uwp@1.0.1
279 silly linkStuff uwp@1.0.1 has /Users/timofeiborovkov/Desktop/Anspirit/hub/node_modules as its parent node_modules
280 verbose linkBins uwp@1.0.1
281 verbose linkMans uwp@1.0.1
282 silly doSerial global-link 0
283 silly doParallel update-linked 0
284 silly doSerial install 2
285 silly install nan@2.3.5 /Users/timofeiborovkov/Desktop/Anspirit/hub/node_modules/.staging/nan-8f2d5249
286 info lifecycle nan@2.3.5~install: nan@2.3.5
287 silly lifecycle nan@2.3.5~install: no script for install, continuing
288 silly install uwp@1.0.1 /Users/timofeiborovkov/Desktop/Anspirit/hub/node_modules/.staging/uwp-b5b6de67
289 info lifecycle uwp@1.0.1~install: uwp@1.0.1
290 verbose lifecycle uwp@1.0.1~install: unsafe-perm in lifecycle false
291 verbose lifecycle uwp@1.0.1~install: PATH: /usr/local/lib/node_modules/npm/bin/node-gyp-bin:/Users/timofeiborovkov/Desktop/Anspirit/hub/node_modules/uwp/node_modules/.bin:/Users/timofeiborovkov/Desktop/Anspirit/hub/node_modules/.bin:/usr/local/Cellar/node/6.1.0/bin:/usr/local/bin:/usr/bin:/bin:/usr/sbin:/sbin:/usr/local/go/bin:/Users/timofeiborovkov/.rvm/bin
292 verbose lifecycle uwp@1.0.1~install: CWD: /Users/timofeiborovkov/Desktop/Anspirit/hub/node_modules/uwp
293 silly lifecycle uwp@1.0.1~install: Args: [ '-c', 'node-gyp rebuild' ]
294 silly lifecycle uwp@1.0.1~install: Returned: code: 1  signal: null
295 info lifecycle uwp@1.0.1~install: Failed to exec install script
296 verbose unlock done using /Users/timofeiborovkov/.npm/_locks/staging-d25e3d67bf84e835.lock for /Users/timofeiborovkov/Desktop/Anspirit/hub/node_modules/.staging
297 silly rollbackFailedOptional Starting
298 silly rollbackFailedOptional Finishing
299 silly runTopLevelLifecycles Starting
300 silly runTopLevelLifecycles Finishing
301 silly install printInstalled
302 warn hub@1.0.0 No description
303 warn hub@1.0.0 No repository field.
304 verbose stack Error: uwp@1.0.1 install: `node-gyp rebuild`
304 verbose stack Exit status 1
304 verbose stack     at EventEmitter.<anonymous> (/usr/local/lib/node_modules/npm/lib/utils/lifecycle.js:239:16)
304 verbose stack     at emitTwo (events.js:106:13)
304 verbose stack     at EventEmitter.emit (events.js:191:7)
304 verbose stack     at ChildProcess.<anonymous> (/usr/local/lib/node_modules/npm/lib/utils/spawn.js:24:14)
304 verbose stack     at emitTwo (events.js:106:13)
304 verbose stack     at ChildProcess.emit (events.js:191:7)
304 verbose stack     at maybeClose (internal/child_process.js:850:16)
304 verbose stack     at Process.ChildProcess._handle.onexit (internal/child_process.js:215:5)
305 verbose pkgid uwp@1.0.1
306 verbose cwd /Users/timofeiborovkov/Desktop/Anspirit/hub
307 error Darwin 15.4.0
308 error argv "/usr/local/Cellar/node/6.1.0/bin/node" "/usr/local/bin/npm" "install" "uwp" "--save"
309 error node v6.1.0
310 error npm  v3.8.6
311 error code ELIFECYCLE
312 error uwp@1.0.1 install: `node-gyp rebuild`
312 error Exit status 1
313 error Failed at the uwp@1.0.1 install script 'node-gyp rebuild'.
313 error Make sure you have the latest version of node.js and npm installed.
313 error If you do, this is most likely a problem with the uwp package,
313 error not with npm itself.
313 error Tell the author that this fails on your system:
313 error     node-gyp rebuild
313 error You can get information on how to open an issue for this project with:
313 error     npm bugs uwp
313 error Or if that isn't available, you can get their info via:
313 error     npm owner ls uwp
313 error There is likely additional logging output above.
314 verbose exit [ 1, true ]
